<?xml version="1.0" encoding="UTF-8"?>
<!-- Generated by org.testng.reporters.JUnitReportReporter -->
<testsuite hostname="maydar-N56VZ" name="ru.mail.homework.tests.TestBrowser" tests="2" failures="0" timestamp="1 Oct 2013 17:36:04 GMT" time="5.364" errors="0">
  <testcase name="exchangeTestChrome" time="2.959" classname="ru.mail.homework.tests.TestBrowser"/>
  <testcase name="exchangeTestFirefox" time="2.405" classname="ru.mail.homework.tests.TestBrowser"/>
</testsuite> <!-- ru.mail.homework.tests.TestBrowser -->
